2016-07-31 13:01:51,835 INFO  - Clicked on .//*[@id='header']//div[4]/ul/li/a
2016-07-31 13:01:56,932 INFO  - Clicked on submit-button
2016-07-31 13:02:00,105 INFO  - Clicked on //div[@id='subnav-community']/ul/li[3]/a
2016-07-31 13:07:46,173 INFO  - Clicked on .//*[@id='header']//div[4]/ul/li/a
2016-07-31 13:07:55,579 INFO  - Clicked on submit-button
2016-07-31 13:07:58,437 INFO  - Clicked on //div[@id='subnav-community']/ul/li[3]/a
2016-07-31 14:54:10,774 INFO  - Clicked on //a[text()='Sign In']
2016-07-31 14:54:30,824 INFO  - Clicked on //form[@id='login_form']/div[2]/p/input
2016-09-01 06:09:46,398 INFO  - Clicked on //a[text()='Sign In']
2016-09-01 06:10:13,979 INFO  - Clicked on //form[@id='login_form']/div[2]/p/input
2016-09-01 06:15:50,525 INFO  - Clicked on //a[text()='Sign In']
2016-09-01 06:16:14,977 INFO  - Clicked on //form[@id='login_form']/div[2]/p/input
2016-09-01 09:01:18,458 INFO  - Clicked on //div[@class='main-content stack']/div[3]/div[1]//div[@class='topic__title']/a
2016-09-03 18:22:49,241 INFO  - Clicked on //a[text()='Sign In']
2016-09-03 19:00:59,315 INFO  - Clicked on //a[text()='Sign In']
2016-09-03 19:03:39,989 INFO  - Clicked on //a[text()='Sign In']
2016-09-03 19:04:02,705 INFO  - Clicked on //form[@id='login_form']/div[2]/p/input
2016-09-03 19:04:40,909 INFO  - Clicked on //div[@class='main-content stack']/div[3]/div[1]//div[@class='topic__title']/a
2016-09-03 19:06:39,430 INFO  - Clicked on //a[text()='Sign In']
2016-09-03 19:11:02,525 INFO  - Clicked on //a[text()='Sign In']
2016-09-03 19:11:50,727 INFO  - Clicked on //form[@id='login_form']/div[2]/p/input
2016-09-03 19:23:19,089 INFO  - Clicked on //a[text()='Sign In']
2016-09-03 19:23:56,234 INFO  - Clicked on //form[@id='login_form']/div[2]/p/input
2016-09-03 19:28:09,268 INFO  - Clicked on //div[@class='main-content stack']/div[3]/div[1]//div[@class='topic__title']/a
2016-09-03 19:55:33,984 INFO  - Clicked on //a[text()='Sign In']
2016-09-03 19:57:28,693 INFO  - Clicked on //form[@id='login_form']/div[2]/p/input
2016-09-03 20:00:25,473 INFO  - Clicked on //div[@class='main-content stack']/div[3]/div[1]//div[@class='topic__title']/a
2016-09-03 20:12:16,612 INFO  - Clicked on //a[text()='Sign In']
2016-09-03 20:13:46,666 INFO  - Clicked on //a[text()='Sign In']
2016-09-03 20:17:18,762 INFO  - Clicked on //a[text()='Sign In']
2016-09-03 20:17:31,753 INFO  - Clicked on //form[@id='login_form']/div[2]/p/input
2016-09-03 20:19:28,543 INFO  - Clicked on //a[text()='Sign In']
2016-09-03 20:19:51,235 INFO  - Clicked on //form[@id='login_form']/div[2]/p/input
2016-09-03 20:20:28,627 INFO  - Clicked on //div[@class='main-content stack']/div[3]/div[1]//div[@class='topic__title']/a
2016-09-03 20:21:33,242 INFO  - Clicked on //a[text()='Sign In']
2016-09-03 20:21:46,005 INFO  - Clicked on //form[@id='login_form']/div[2]/p/input
2016-09-03 20:29:04,875 INFO  - Clicked on //a[text()='Sign In']
2016-09-03 20:29:28,376 INFO  - Clicked on //form[@id='login_form']/div[2]/p/input
2016-09-03 20:30:04,575 INFO  - Clicked on //div[@class='main-content stack']/div[3]/div[1]//div[@class='topic__title']/a
2016-09-03 20:32:44,860 INFO  - Clicked on //a[text()='Sign In']
2016-09-03 20:33:35,121 INFO  - Clicked on //form[@id='login_form']/div[2]/p/input
2016-09-03 20:36:17,465 INFO  - Clicked on //a[text()='Sign In']
2016-09-03 20:36:50,627 INFO  - Clicked on //form[@id='login_form']/div[2]/p/input
2016-09-03 20:40:44,646 INFO  - Clicked on //div[@class='main-content stack']/div[3]/div[1]//div[@class='topic__title']/a
2016-09-03 20:47:36,096 INFO  - Clicked on //a[text()='Sign In']
2016-09-03 20:48:29,394 INFO  - Clicked on //a[text()='Sign In']
2016-09-03 20:48:50,638 INFO  - Clicked on //form[@id='login_form']/div[2]/p/input
2016-09-03 20:49:42,168 INFO  - Clicked on //div[@class='main-content stack']/div[3]/div[1]//div[@class='topic__title']/a
2016-09-18 15:27:24,302 INFO  - Clicked on //a[text()='Sign In']
